<?xml version="1.0" encoding="UTF-8"?>
<!-- Generated by org.testng.reporters.JUnitXMLReporter -->
<testsuite hostname="Lenovo" ignored="1" name="Default test" tests="3" failures="0" timestamp="11 Mar 2022 04:15:27 GMT" time="27.991" errors="0">
  <testcase name="addAndVerifyCart" time="12.241" classname="com.app.test.ProductPageTest"/>
  <testcase name="verifyProductDscriptionIsDisplayed" time="9.783" classname="com.app.test.ProductPageTest"/>
  <testcase name="verifyShareTweet" time="5.808" classname="com.app.test.ProductPageTest"/>
  <testcase name="verifyCount" time="0.0" classname="com.app.test.ProductPageTest">
    <ignored/>
  </testcase> <!-- verifyCount -->
</testsuite> <!-- Default test -->
