<?xml version="1.0" encoding="UTF-8"?>
<testng-results skipped="0" failed="0" ignored="1" total="4" passed="3">
  <reporter-output>
  </reporter-output>
  <suite name="Default suite" duration-ms="27991" started-at="2022-03-11T04:14:58Z" finished-at="2022-03-11T04:15:26Z">
    <groups>
    </groups>
    <test name="Default test" duration-ms="27991" started-at="2022-03-11T04:14:58Z" finished-at="2022-03-11T04:15:26Z">
      <class name="com.app.test.ProductPageTest">
        <test-method status="PASS" signature="addAndVerifyCart()[pri:0, instance:com.app.test.ProductPageTest@2a7686a7]" name="addAndVerifyCart" duration-ms="12241" started-at="2022-03-11T04:14:58Z" finished-at="2022-03-11T04:15:10Z">
          <reporter-output>
          </reporter-output>
        </test-method> <!-- addAndVerifyCart -->
        <test-method status="PASS" signature="verifyProductDscriptionIsDisplayed()[pri:0, instance:com.app.test.ProductPageTest@2a7686a7]" name="verifyProductDscriptionIsDisplayed" duration-ms="9783" started-at="2022-03-11T04:15:10Z" finished-at="2022-03-11T04:15:20Z">
          <reporter-output>
          </reporter-output>
        </test-method> <!-- verifyProductDscriptionIsDisplayed -->
        <test-method status="PASS" signature="verifyShareTweet()[pri:0, instance:com.app.test.ProductPageTest@2a7686a7]" name="verifyShareTweet" duration-ms="5808" started-at="2022-03-11T04:15:20Z" finished-at="2022-03-11T04:15:26Z">
          <reporter-output>
          </reporter-output>
        </test-method> <!-- verifyShareTweet -->
      </class> <!-- com.app.test.ProductPageTest -->
    </test> <!-- Default test -->
  </suite> <!-- Default suite -->
</testng-results>
